<?xml version="1.0" encoding="UTF-8"?>
<testng-results total="2" passed="2" failed="0" skipped="0">
  <reporter-output>
  </reporter-output>
  <suite started-at="2020-03-28T14:50:14Z" name="Suite" finished-at="2020-03-28T14:50:14Z" duration-ms="28">
    <groups>
    </groups>
    <test started-at="2020-03-28T14:50:14Z" name="Test" finished-at="2020-03-28T14:50:14Z" duration-ms="28">
      <class name="com.mycompany.app.RestApiTest">
        <test-method signature="RestAPIDemo()[pri:0, instance:com.mycompany.app.RestApiTest@58695725]" started-at="2020-03-28T20:20:14Z" name="RestAPIDemo" finished-at="2020-03-28T20:20:14Z" duration-ms="10" status="PASS">
          <reporter-output>
          </reporter-output>
        </test-method> <!-- RestAPIDemo -->
        <test-method signature="RestAssuered()[pri:0, instance:com.mycompany.app.RestApiTest@58695725]" started-at="2020-03-28T20:20:14Z" name="RestAssuered" finished-at="2020-03-28T20:20:14Z" duration-ms="0" status="PASS">
          <reporter-output>
          </reporter-output>
        </test-method> <!-- RestAssuered -->
      </class> <!-- com.mycompany.app.RestApiTest -->
    </test> <!-- Test -->
  </suite> <!-- Suite -->
</testng-results>
