<?xml version="1.0" encoding="UTF-8"?>
<!-- Generated by org.testng.reporters.JUnitXMLReporter -->
<testsuite hostname="lalitlaptopnew" failures="0" tests="5" name="Default test" time="0.079" errors="0" timestamp="24 Mar 2020 14:29:48 GMT">
  <testcase classname="TestngDemo.Day3" name="Mobilelogin" time="0.015"/>
  <testcase classname="TestngDemo.Day3" name="Weblogin" time="0.002"/>
  <testcase classname="TestngDemo.Day3" name="HI" time="0.007"/>
  <testcase classname="TestngDemo.Day3" name="hello" time="0.0">
    <skipped/>
  </testcase> <!-- hello -->
  <testcase classname="TestngDemo.Day3" name="APIlogin" time="0.002"/>
</testsuite> <!-- Default test -->
