<?xml version="1.0" encoding="UTF-8"?>
<testng-results total="1" passed="1" failed="0" skipped="0">
  <reporter-output>
  </reporter-output>
  <suite started-at="2020-04-25T04:53:50Z" name="Default suite" finished-at="2020-04-25T04:54:24Z" duration-ms="33301">
    <groups>
    </groups>
    <test started-at="2020-04-25T04:53:50Z" name="Default test" finished-at="2020-04-25T04:54:24Z" duration-ms="33301">
      <class name="TestCases.Loginapplication">
        <test-method signature="login()[pri:0, instance:TestCases.Loginapplication@3e84448c]" started-at="2020-04-25T10:23:50Z" name="login" finished-at="2020-04-25T10:24:24Z" duration-ms="33280" status="PASS">
          <reporter-output>
          </reporter-output>
        </test-method> <!-- login -->
      </class> <!-- TestCases.Loginapplication -->
    </test> <!-- Default test -->
  </suite> <!-- Default suite -->
</testng-results>
