<?xml version="1.0" encoding="UTF-8"?>
<!-- Generated by org.testng.reporters.JUnitXMLReporter -->
<testsuite hostname="lalitlaptopnew" failures="0" tests="4" name="Test2" time="0.118" errors="0" timestamp="26 Mar 2020 07:54:12 GMT">
  <testcase classname="TestngDemo.Day3" name="Mobilelogin" time="0.013"/>
  <testcase classname="TestngDemo.Day3" name="Weblogin" time="0.006"/>
  <testcase classname="TestngDemo.Day3" name="hello" time="0.012"/>
  <testcase classname="TestngDemo.Day3" name="APIlogin" time="0.019"/>
</testsuite> <!-- Test2 -->
