<?xml version="1.0" encoding="UTF-8"?>
<!-- Generated by org.testng.reporters.JUnitXMLReporter -->
<testsuite hostname="lalitlaptopnew" failures="0" tests="8" name="Test" time="0.128" errors="0" timestamp="26 Mar 2020 07:54:12 GMT">
  <testcase classname="TestngDemo.Day2" name="DemoABC" time="0.018"/>
  <testcase classname="TestngDemo.Day1" name="Demo" time="0.019"/>
  <testcase classname="TestngDemo.Day4" name="A" time="0.005"/>
  <testcase classname="TestngDemo.Day1" name="print" time="0.004"/>
  <testcase classname="TestngDemo.Day4" name="A" time="0.001"/>
  <testcase classname="TestngDemo.Day4" name="A" time="0.002"/>
  <testcase classname="TestngDemo.Day4" name="B" time="0.01"/>
  <testcase classname="TestngDemo.Day4" name="C" time="0.003"/>
</testsuite> <!-- Test -->
