<?xml version="1.0" encoding="UTF-8"?>
<!-- Generated by org.testng.reporters.JUnitXMLReporter -->
<testsuite hostname="lalitlaptopnew" failures="0" tests="5" name="Test1" time="0.02" errors="0" timestamp="26 Mar 2020 04:44:23 GMT">
  <testcase classname="TestngDemo.Day3" name="Mobilelogin" time="0.0"/>
  <testcase classname="TestngDemo.Day3" name="Weblogin" time="0.004"/>
  <testcase classname="TestngDemo.Day3" name="hello" time="0.004"/>
  <testcase classname="TestngDemo.Day3" name="HI" time="0.004"/>
  <testcase classname="TestngDemo.Day3" name="APIlogin" time="0.0"/>
</testsuite> <!-- Test1 -->
