<?xml version="1.0" encoding="UTF-8"?>
<testng-results total="1" passed="1" failed="0" skipped="0">
  <reporter-output>
  </reporter-output>
  <suite started-at="2020-03-26T12:13:12Z" name="Default suite" finished-at="2020-03-26T12:13:25Z" duration-ms="12402">
    <groups>
    </groups>
    <test started-at="2020-03-26T12:13:12Z" name="Default test" finished-at="2020-03-26T12:13:25Z" duration-ms="12402">
      <class name="BasicDataDriven">
        <test-method signature="Login()[pri:0, instance:BasicDataDriven@3232a28a]" started-at="2020-03-26T17:43:12Z" name="Login" finished-at="2020-03-26T17:43:25Z" duration-ms="12383" status="PASS">
          <reporter-output>
          </reporter-output>
        </test-method> <!-- Login -->
      </class> <!-- BasicDataDriven -->
    </test> <!-- Default test -->
  </suite> <!-- Default suite -->
</testng-results>
